c:\users\michelle\documents\github\plugin-gui\builds\visualstudio2013\plugins\crossingdetector\x64\release\vc120.pdb
c:\users\michelle\documents\github\plugin-gui\builds\visualstudio2013\plugins\crossingdetector\x64\release\openephyslib.obj
c:\users\michelle\documents\github\plugin-gui\builds\visualstudio2013\plugins\crossingdetector\x64\release\crossingdetectoreditor.obj
c:\users\michelle\documents\github\plugin-gui\builds\visualstudio2013\plugins\crossingdetector\x64\release\crossingdetector.obj
c:\users\michelle\documents\github\plugin-gui\builds\visualstudio2013\plugins\seizuredetector\x64\release\vc120.pdb
c:\users\michelle\documents\github\plugin-gui\builds\visualstudio2013\plugins\seizuredetector\x64\release\crossingdetectoreditor.obj
c:\users\michelle\documents\github\plugin-gui\builds\visualstudio2013\plugins\seizuredetector\x64\release\crossingdetector.obj
c:\users\michelle\documents\github\plugin-gui\builds\visualstudio2013\plugins\x64\release\crossingdetector.dll
c:\users\michelle\documents\github\plugin-gui\builds\visualstudio2013\plugins\x64\release\crossingdetector.pdb
c:\users\michelle\documents\github\plugin-gui\builds\visualstudio2013\plugins\x64\release\seizuredetector.dll
c:\users\michelle\documents\github\plugin-gui\builds\visualstudio2013\plugins\x64\release\seizuredetector.pdb
c:\users\michelle\documents\github\plugin-gui\builds\visualstudio2013\plugins\x64\release\crossingdetector.lib
c:\users\michelle\documents\github\plugin-gui\builds\visualstudio2013\plugins\x64\release\crossingdetector.exp
c:\users\michelle\documents\github\plugin-gui\builds\visualstudio2013\plugins\x64\release\seizuredetector.lib
c:\users\michelle\documents\github\plugin-gui\builds\visualstudio2013\plugins\x64\release\seizuredetector.exp
c:\users\michelle\documents\github\plugin-gui\builds\visualstudio2013\plugins\seizuredetector\x64\release\openephyslib.obj
c:\users\michelle\documents\github\plugin-gui\builds\visualstudio2013\plugins\seizuredetector\x64\release\seizuredetector.obj
c:\users\michelle\documents\github\plugin-gui\builds\visualstudio2013\plugins\seizuredetector\x64\release\seizuredetectoreditor.obj
c:\users\michelle\documents\github\plugin-gui\builds\visualstudio2013\plugins\seizuredetector\x64\release\seizuredetector.tlog\cl.command.1.tlog
c:\users\michelle\documents\github\plugin-gui\builds\visualstudio2013\plugins\seizuredetector\x64\release\seizuredetector.tlog\cl.read.1.tlog
c:\users\michelle\documents\github\plugin-gui\builds\visualstudio2013\plugins\seizuredetector\x64\release\seizuredetector.tlog\cl.write.1.tlog
c:\users\michelle\documents\github\plugin-gui\builds\visualstudio2013\plugins\seizuredetector\x64\release\seizuredetector.tlog\link.command.1.tlog
c:\users\michelle\documents\github\plugin-gui\builds\visualstudio2013\plugins\seizuredetector\x64\release\seizuredetector.tlog\link.read.1.tlog
c:\users\michelle\documents\github\plugin-gui\builds\visualstudio2013\plugins\seizuredetector\x64\release\seizuredetector.tlog\link.write.1.tlog
c:\users\michelle\documents\github\plugin-gui\builds\visualstudio2013\plugins\seizuredetector\x64\release\seizuredetector.tlog\seizuredetector.write.1u.tlog
